<?xml version="1.0" encoding="UTF-8"?>
<!-- Generated by org.testng.reporters.JUnitXMLReporter -->
<testsuite ignored="0" hostname="SJBC-DANNY2" failures="1" tests="2" name="Listener Test" time="19.38" errors="0" timestamp="2021-03-12T01:30:58 GMT-08:00">
  <testcase classname="ui.VerifyTitleTest" name="verifyPageTitle" time="0.083"/>
  <testcase classname="ui.VerifyTitleTest" name="searchMouse" time="9.156">
    <failure type="java.lang.AssertionError" message="The following asserts failed:
	expected [1Jelly Comb 2.4G Slim Wireless Mouse with Nano Receiver MS001 (Black and Gold)] but found [Jelly Comb 2.4G Slim Wireless Mouse with Nano Receiver MS001 (Black and Gold)]">
      <![CDATA[java.lang.AssertionError: The following asserts failed:
expected [1Jelly Comb 2.4G Slim Wireless Mouse with Nano Receiver MS001 (Black and Gold)] but found [Jelly Comb 2.4G Slim Wireless Mouse with Nano Receiver MS001 (Black and Gold)]
at ui.VerifyTitleTest.searchMouse(VerifyTitleTest.java:78)
at java.base/java.util.ArrayList.forEach(ArrayList.java:1510)
... Removed 29 stack frames]]>
    </failure>
  </testcase> <!-- searchMouse -->
</testsuite> <!-- Listener Test -->
