<?xml version="1.0" encoding="UTF-8"?>
<!-- Generated by org.testng.reporters.JUnitXMLReporter -->
<testsuite ignored="2" hostname="SJBC-DANNY2" failures="1" tests="2" name="Listener TestCases" time="16.061" errors="0" timestamp="2021-03-12T17:53:08 GMT-08:00">
  <testcase classname="ui.VerifyTitleTest" name="verifyPageTitle" time="0.096"/>
  <testcase classname="ui.VerifyTitleTest" name="searchMouse" time="7.483">
    <failure type="java.lang.AssertionError" message="The following asserts failed:
	expected [1Jelly Comb 2.4G Slim Wireless Mouse with Nano Receiver MS001 (Black and Gold)] but found [Jelly Comb 2.4G Slim Wireless Mouse with Nano Receiver MS001 (Black and Gold)]">
      <![CDATA[java.lang.AssertionError: The following asserts failed:
expected [1Jelly Comb 2.4G Slim Wireless Mouse with Nano Receiver MS001 (Black and Gold)] but found [Jelly Comb 2.4G Slim Wireless Mouse with Nano Receiver MS001 (Black and Gold)]
at ui.VerifyTitleTest.searchMouse(VerifyTitleTest.java:54)
at java.base/java.util.ArrayList.forEach(ArrayList.java:1510)
... Removed 29 stack frames]]>
    </failure>
  </testcase> <!-- searchMouse -->
  <testcase classname="common.BaseTestClass" name="@BeforeTest lauchBrowser" time="0.0">
    <ignored/>
  </testcase> <!-- @BeforeTest lauchBrowser -->
  <testcase classname="common.BaseTestClass" name="@AfterTest closeBrowser" time="0.0">
    <ignored/>
  </testcase> <!-- @AfterTest closeBrowser -->
</testsuite> <!-- Listener TestCases -->
