<?xml version="1.0" encoding="UTF-8"?>
<!-- Generated by org.testng.reporters.JUnitReportReporter -->
<testsuite hostname="SJBC-DANNY2" failures="1" tests="2" name="ui.Amazon_NewMouse" time="27.811" errors="0" timestamp="2021-03-15T21:34:32 GMT-07:00" skipped="0">
  <testcase classname="ui.Amazon_NewMouse" name="verifyPageTitle" time="2.232"/>
  <system-out>
Test Case: verifyPageTitle - Passed  </system-out>
  <testcase classname="ui.Amazon_NewMouse" name="searchMouse" time="25.579">
    <failure message="The following asserts failed:
	expected [1Jelly Comb 2.4G Slim Wireless Mouse with Nano Receiver MS001 (Black and Gold)] but found [Jelly Comb 2.4G Slim Wireless Mouse with Nano Receiver MS001 (Black and Gold)]" type="java.lang.AssertionError">
      <![CDATA[java.lang.AssertionError: The following asserts failed:
expected [1Jelly Comb 2.4G Slim Wireless Mouse with Nano Receiver MS001 (Black and Gold)] but found [Jelly Comb 2.4G Slim Wireless Mouse with Nano Receiver MS001 (Black and Gold)]
at org.testng.asserts.SoftAssert.assertAll(SoftAssert.java:47)
at org.testng.asserts.SoftAssert.assertAll(SoftAssert.java:31)
at ui.Amazon_NewMouse.searchMouse(Amazon_NewMouse.java:55)
at java.base/jdk.internal.reflect.NativeMethodAccessorImpl.invoke0(Native Method)
at java.base/jdk.internal.reflect.NativeMethodAccessorImpl.invoke(NativeMethodAccessorImpl.java:62)
at java.base/jdk.internal.reflect.DelegatingMethodAccessorImpl.invoke(DelegatingMethodAccessorImpl.java:43)
at java.base/java.lang.reflect.Method.invoke(Method.java:564)
at org.testng.internal.MethodInvocationHelper.invokeMethod(MethodInvocationHelper.java:132)
at org.testng.internal.TestInvoker.invokeMethod(TestInvoker.java:599)
at org.testng.internal.TestInvoker.invokeTestMethod(TestInvoker.java:174)
at org.testng.internal.MethodRunner.runInSequence(MethodRunner.java:46)
at org.testng.internal.TestInvoker$MethodInvocationAgent.invoke(TestInvoker.java:822)
at org.testng.internal.TestInvoker.invokeTestMethods(TestInvoker.java:147)
at org.testng.internal.TestMethodWorker.invokeTestMethods(TestMethodWorker.java:146)
at org.testng.internal.TestMethodWorker.run(TestMethodWorker.java:128)
at java.base/java.util.ArrayList.forEach(ArrayList.java:1510)
at org.testng.TestRunner.privateRun(TestRunner.java:764)
at org.testng.TestRunner.run(TestRunner.java:585)
at org.testng.SuiteRunner.runTest(SuiteRunner.java:384)
at org.testng.SuiteRunner.runSequentially(SuiteRunner.java:378)
at org.testng.SuiteRunner.privateRun(SuiteRunner.java:337)
at org.testng.SuiteRunner.run(SuiteRunner.java:286)
at org.testng.SuiteRunnerWorker.runSuite(SuiteRunnerWorker.java:53)
at org.testng.SuiteRunnerWorker.run(SuiteRunnerWorker.java:96)
at org.testng.TestNG.runSuitesSequentially(TestNG.java:1218)
at org.testng.TestNG.runSuitesLocally(TestNG.java:1140)
at org.testng.TestNG.runSuites(TestNG.java:1069)
at org.testng.TestNG.run(TestNG.java:1037)
at org.testng.remote.AbstractRemoteTestNG.run(AbstractRemoteTestNG.java:115)
at org.testng.remote.RemoteTestNG.initAndRun(RemoteTestNG.java:251)
at org.testng.remote.RemoteTestNG.main(RemoteTestNG.java:77)
]]>
    </failure>
  </testcase> <!-- searchMouse -->
  <system-out>
Test Case: searchMouse - Failed <br>  <img src='E:\eclipse-workspace\webPortal\screenshot\screenshot\searchMouse_2021-03-15.png' height='100' width='100' /><br> <a href=E:\eclipse-workspace\webPortal\screenshot\screenshot\searchMouse_2021-03-15.png></a>  </system-out>
</testsuite> <!-- ui.Amazon_NewMouse -->
